<?xml version="1.0" encoding="UTF-8"?>
<!-- Generated by org.testng.reporters.JUnitXMLReporter -->
<testsuite ignored="0" hostname="LAPTOP-GRAI44LQ" failures="0" tests="4" name="Demo20925" time="14.345" errors="0" timestamp="2025-09-26T20:36:00 BST">
  <testcase classname="main.HomePage" name="LoginTestPage" time="4.481"/>
  <testcase classname="main.electronics.ElectronicsPage" name="LoginTestPage" time="3.954"/>
  <testcase classname="TestNGAnnotations.TestNGSeleniumExample" name="testFacebookTitle" time="1.466"/>
  <testcase classname="TestNGAnnotations.TestNGSeleniumExample" name="testGoogleTitle" time="1.274"/>
</testsuite> <!-- Demo20925 -->
