<?xml version="1.0" encoding="UTF-8"?>
<!-- Generated by org.testng.reporters.JUnitXMLReporter -->
<testsuite ignored="0" hostname="LAPTOP-GRAI44LQ" failures="0" tests="4" name="WebDriver Test" time="8.476" errors="0" timestamp="2025-10-06T10:05:56 BST">
  <testcase classname="TestNGParameter.ParameterTest" name="getTitle" time="0.016"/>
  <testcase classname="TestNGParameter.ParameterTest" name="getURL" time="2.092"/>
  <testcase classname="TestNGParameter.ParameterTest" name="getPythonURL" time="4.764"/>
  <testcase classname="TestNGParameter.ParameterTest" name="getTitle2" time="0.021"/>
</testsuite> <!-- WebDriver Test -->
