<?xml version="1.0" encoding="UTF-8"?>
<!-- Generated by org.testng.reporters.JUnitXMLReporter -->
<testsuite ignored="0" hostname="LAPTOP-GRAI44LQ" failures="3" tests="8" name="Test" time="60.992" errors="0" timestamp="2025-09-21T16:03:54 BST">
  <testcase classname="main.LoginTest1" name="@BeforeMethod openLoginPage" time="50.435">
    <failure type="org.openqa.selenium.NoSuchElementException" message="no such element: Unable to locate element: {&amp;quot;method&amp;quot;:&amp;quot;css selector&amp;quot;,&amp;quot;selector&amp;quot;:&amp;quot;#onetrust\-accept\-btn\-handler&amp;quot;}
  (Session info: chrome=140.0.7339.129)
For documentation on this error, please visit: https://www.selenium.dev/documentation/webdriver/troubleshooting/errors#no-such-element-exception
Build info: version: &amp;apos;4.35.0&amp;apos;, revision: &amp;apos;1c58e5028b&amp;apos;
System info: os.name: &amp;apos;Windows 11&amp;apos;, os.arch: &amp;apos;amd64&amp;apos;, os.version: &amp;apos;10.0&amp;apos;, java.version: &amp;apos;21.0.7&amp;apos;
Driver info: org.openqa.selenium.chrome.ChromeDriver
Command: [12118ceab77d9468561f7aab4a1530d5, findElement {value=onetrust-accept-btn-handler, using=id}]
Capabilities {acceptInsecureCerts: false, browserName: chrome, browserVersion: 140.0.7339.129, chrome: {chromedriverVersion: 140.0.7339.185 (eeea00e459e..., userDataDir: C:\Users\user\AppData\Local...}, fedcm:accounts: true, goog:chromeOptions: {debuggerAddress: localhost:52165}, networkConnectionEnabled: false, pageLoadStrategy: normal, platformName: windows, proxy: Proxy(), se:cdp: ws://localhost:52165/devtoo..., se:cdpVersion: 140.0.7339.129, setWindowRect: true, strictFileInteractability: false, timeouts: {implicit: 0, pageLoad: 300000, script: 30000}, unhandledPromptBehavior: dismiss and notify, webauthn:extension:credBlob: true, webauthn:extension:largeBlob: true, webauthn:extension:minPinLength: true, webauthn:extension:prf: true, webauthn:virtualAuthenticators: true}
Session ID: 12118ceab77d9468561f7aab4a1530d5">
      <![CDATA[org.openqa.selenium.NoSuchElementException: no such element: Unable to locate element: {"method":"css selector","selector":"#onetrust\-accept\-btn\-handler"}
  (Session info: chrome=140.0.7339.129)
For documentation on this error, please visit: https://www.selenium.dev/documentation/webdriver/troubleshooting/errors#no-such-element-exception
Build info: version: '4.35.0', revision: '1c58e5028b'
System info: os.name: 'Windows 11', os.arch: 'amd64', os.version: '10.0', java.version: '21.0.7'
Driver info: org.openqa.selenium.chrome.ChromeDriver
Command: [12118ceab77d9468561f7aab4a1530d5, findElement {value=onetrust-accept-btn-handler, using=id}]
Capabilities {acceptInsecureCerts: false, browserName: chrome, browserVersion: 140.0.7339.129, chrome: {chromedriverVersion: 140.0.7339.185 (eeea00e459e..., userDataDir: C:\Users\user\AppData\Local...}, fedcm:accounts: true, goog:chromeOptions: {debuggerAddress: localhost:52165}, networkConnectionEnabled: false, pageLoadStrategy: normal, platformName: windows, proxy: Proxy(), se:cdp: ws://localhost:52165/devtoo..., se:cdpVersion: 140.0.7339.129, setWindowRect: true, strictFileInteractability: false, timeouts: {implicit: 0, pageLoad: 300000, script: 30000}, unhandledPromptBehavior: dismiss and notify, webauthn:extension:credBlob: true, webauthn:extension:largeBlob: true, webauthn:extension:minPinLength: true, webauthn:extension:prf: true, webauthn:virtualAuthenticators: true}
Session ID: 12118ceab77d9468561f7aab4a1530d5
at org.openqa.selenium.remote.ErrorCodec.decode(ErrorCodec.java:167)
at org.openqa.selenium.remote.codec.w3c.W3CHttpResponseCodec.decode(W3CHttpResponseCodec.java:138)
at org.openqa.selenium.remote.codec.w3c.W3CHttpResponseCodec.decode(W3CHttpResponseCodec.java:50)
at org.openqa.selenium.remote.HttpCommandExecutor.execute(HttpCommandExecutor.java:215)
at org.openqa.selenium.remote.service.DriverCommandExecutor.invokeExecute(DriverCommandExecutor.java:216)
at org.openqa.selenium.remote.service.DriverCommandExecutor.execute(DriverCommandExecutor.java:174)
at org.openqa.selenium.remote.RemoteWebDriver.execute(RemoteWebDriver.java:557)
at org.openqa.selenium.remote.ElementLocation$ElementFinder$2.findElement(ElementLocation.java:165)
at org.openqa.selenium.remote.ElementLocation.findElement(ElementLocation.java:59)
at org.openqa.selenium.remote.RemoteWebDriver.findElement(RemoteWebDriver.java:380)
at org.openqa.selenium.remote.RemoteWebDriver.findElement(RemoteWebDriver.java:374)
at main.LoginTest1.openLoginPage(LoginTest1.java:31)
at java.base/java.util.ArrayList.forEach(ArrayList.java:1596)
... Removed 32 stack frames]]>
    </failure>
  </testcase> <!-- @BeforeMethod openLoginPage -->
  <testcase classname="main.LoginTest1" name="@BeforeMethod openLoginPage" time="0.0">
    <skipped/>
  </testcase> <!-- @BeforeMethod openLoginPage -->
  <testcase classname="main.LoginTest1" name="@BeforeMethod openLoginPage" time="0.0">
    <skipped/>
  </testcase> <!-- @BeforeMethod openLoginPage -->
  <testcase classname="main.LoginTest1" name="@AfterClass tearDown" time="0.0">
    <skipped/>
  </testcase> <!-- @AfterClass tearDown -->
  <testcase classname="main.LoginTest" name="openLoginPage" time="4.412"/>
  <testcase classname="main.LoginTest" name="testWithEmptyfields" time="1.159">
    <failure type="org.openqa.selenium.ElementClickInterceptedException" message="element click intercepted: Element &amp;lt;input id=&amp;quot;loginNow&amp;quot; type=&amp;quot;submit&amp;quot; value=&amp;quot;Log In&amp;quot;&amp;gt; is not clickable at point (675, 555). Other element would receive the click: &amp;lt;div id=&amp;quot;onetrust-policy-text&amp;quot;&amp;gt;...&amp;lt;/div&amp;gt;
  (Session info: chrome=140.0.7339.129)
Build info: version: &amp;apos;4.35.0&amp;apos;, revision: &amp;apos;1c58e5028b&amp;apos;
System info: os.name: &amp;apos;Windows 11&amp;apos;, os.arch: &amp;apos;amd64&amp;apos;, os.version: &amp;apos;10.0&amp;apos;, java.version: &amp;apos;21.0.7&amp;apos;
Driver info: org.openqa.selenium.chrome.ChromeDriver
Command: [a1d6751c5709fe15b6817ac1aae1efa1, clickElement {id=f.C0A7B67FE4BFCEF7F2FE608BBB090F66.d.387E7855A8E77004600A8463A229ECFE.e.9}]
Capabilities {acceptInsecureCerts: false, browserName: chrome, browserVersion: 140.0.7339.129, chrome: {chromedriverVersion: 140.0.7339.185 (eeea00e459e..., userDataDir: C:\Users\user\AppData\Local...}, fedcm:accounts: true, goog:chromeOptions: {debuggerAddress: localhost:52130}, networkConnectionEnabled: false, pageLoadStrategy: normal, platformName: windows, proxy: Proxy(), se:cdp: ws://localhost:52130/devtoo..., se:cdpVersion: 140.0.7339.129, setWindowRect: true, strictFileInteractability: false, timeouts: {implicit: 0, pageLoad: 300000, script: 30000}, unhandledPromptBehavior: dismiss and notify, webauthn:extension:credBlob: true, webauthn:extension:largeBlob: true, webauthn:extension:minPinLength: true, webauthn:extension:prf: true, webauthn:virtualAuthenticators: true}
Element: [[ChromeDriver: chrome on windows (a1d6751c5709fe15b6817ac1aae1efa1)] -&amp;gt; id: loginNow]
Session ID: a1d6751c5709fe15b6817ac1aae1efa1">
      <![CDATA[org.openqa.selenium.ElementClickInterceptedException: element click intercepted: Element <input id="loginNow" type="submit" value="Log In"> is not clickable at point (675, 555). Other element would receive the click: <div id="onetrust-policy-text">...</div>
  (Session info: chrome=140.0.7339.129)
Build info: version: '4.35.0', revision: '1c58e5028b'
System info: os.name: 'Windows 11', os.arch: 'amd64', os.version: '10.0', java.version: '21.0.7'
Driver info: org.openqa.selenium.chrome.ChromeDriver
Command: [a1d6751c5709fe15b6817ac1aae1efa1, clickElement {id=f.C0A7B67FE4BFCEF7F2FE608BBB090F66.d.387E7855A8E77004600A8463A229ECFE.e.9}]
Capabilities {acceptInsecureCerts: false, browserName: chrome, browserVersion: 140.0.7339.129, chrome: {chromedriverVersion: 140.0.7339.185 (eeea00e459e..., userDataDir: C:\Users\user\AppData\Local...}, fedcm:accounts: true, goog:chromeOptions: {debuggerAddress: localhost:52130}, networkConnectionEnabled: false, pageLoadStrategy: normal, platformName: windows, proxy: Proxy(), se:cdp: ws://localhost:52130/devtoo..., se:cdpVersion: 140.0.7339.129, setWindowRect: true, strictFileInteractability: false, timeouts: {implicit: 0, pageLoad: 300000, script: 30000}, unhandledPromptBehavior: dismiss and notify, webauthn:extension:credBlob: true, webauthn:extension:largeBlob: true, webauthn:extension:minPinLength: true, webauthn:extension:prf: true, webauthn:virtualAuthenticators: true}
Element: [[ChromeDriver: chrome on windows (a1d6751c5709fe15b6817ac1aae1efa1)] -> id: loginNow]
Session ID: a1d6751c5709fe15b6817ac1aae1efa1
at org.openqa.selenium.remote.ErrorCodec.decode(ErrorCodec.java:167)
at org.openqa.selenium.remote.codec.w3c.W3CHttpResponseCodec.decode(W3CHttpResponseCodec.java:138)
at org.openqa.selenium.remote.codec.w3c.W3CHttpResponseCodec.decode(W3CHttpResponseCodec.java:50)
at org.openqa.selenium.remote.HttpCommandExecutor.execute(HttpCommandExecutor.java:215)
at org.openqa.selenium.remote.service.DriverCommandExecutor.invokeExecute(DriverCommandExecutor.java:216)
at org.openqa.selenium.remote.service.DriverCommandExecutor.execute(DriverCommandExecutor.java:174)
at org.openqa.selenium.remote.RemoteWebDriver.execute(RemoteWebDriver.java:557)
at org.openqa.selenium.remote.RemoteWebElement.execute(RemoteWebElement.java:223)
at org.openqa.selenium.remote.RemoteWebElement.click(RemoteWebElement.java:76)
at main.LoginTest.testWithEmptyfields(LoginTest.java:47)
at java.base/java.util.ArrayList.forEach(ArrayList.java:1596)
... Removed 28 stack frames]]>
    </failure>
  </testcase> <!-- testWithEmptyfields -->
  <testcase classname="main.LoginTest" name="testWithUserNameAndPasswordInput" time="0.727">
    <failure type="java.lang.AssertionError" message="expected [] but found [Captcha is required.]">
      <![CDATA[java.lang.AssertionError: expected [] but found [Captcha is required.]
at main.LoginTest.testWithUserNameAndPasswordInput(LoginTest.java:96)
at java.base/java.util.ArrayList.forEach(ArrayList.java:1596)
... Removed 30 stack frames]]>
    </failure>
  </testcase> <!-- testWithUserNameAndPasswordInput -->
  <testcase classname="main.LoginTest" name="testWithUserNameInput" time="0.563">
    <failure type="java.lang.AssertionError" message="expected [] but found [The Password field is required.]">
      <![CDATA[java.lang.AssertionError: expected [] but found [The Password field is required.]
at main.LoginTest.testWithUserNameInput(LoginTest.java:74)
at java.base/java.util.ArrayList.forEach(ArrayList.java:1596)
... Removed 31 stack frames]]>
    </failure>
  </testcase> <!-- testWithUserNameInput -->
  <testcase classname="main.LoginTest1" name="testLoginPageTitle" time="0.013"/>
  <testcase classname="main.LoginTest1" name="testWithEmptyFields" time="0.0">
    <skipped/>
  </testcase> <!-- testWithEmptyFields -->
  <testcase classname="main.LoginTest1" name="testWithUserNameAndPassword" time="0.0">
    <skipped/>
  </testcase> <!-- testWithUserNameAndPassword -->
  <testcase classname="main.LoginTest1" name="testWithUserNameOnly" time="0.0">
    <skipped/>
  </testcase> <!-- testWithUserNameOnly -->
</testsuite> <!-- Test -->
