<?xml version="1.0" encoding="UTF-8"?>
<testng-results ignored="0" total="2" passed="2" failed="0" skipped="0">
  <reporter-output>
  </reporter-output>
  <suite started-at="2025-09-21T07:46:51 BST" name="Default suite" finished-at="2025-09-21T07:47:03 BST" duration-ms="11860">
    <groups>
    </groups>
    <test started-at="2025-09-21T07:46:51 BST" name="Default test" finished-at="2025-09-21T07:47:03 BST" duration-ms="11860">
      <class name="main.signup.SignUpPage">
        <test-method signature="LoginTestPage()[pri:0, instance:main.signup.SignUpPage@a1153bc]" started-at="2025-09-21T07:46:51 BST" name="LoginTestPage" finished-at="2025-09-21T07:47:03 BST" duration-ms="11780" status="PASS">
          <reporter-output>
          </reporter-output>
        </test-method> <!-- LoginTestPage -->
        <test-method signature="SingnInTestPage()[pri:0, instance:main.signup.SignUpPage@a1153bc]" started-at="2025-09-21T07:47:03 BST" name="SingnInTestPage" finished-at="2025-09-21T07:47:03 BST" duration-ms="10" status="PASS">
          <reporter-output>
          </reporter-output>
        </test-method> <!-- SingnInTestPage -->
      </class> <!-- main.signup.SignUpPage -->
    </test> <!-- Default test -->
  </suite> <!-- Default suite -->
</testng-results>
