<?xml version="1.0" encoding="UTF-8"?>
<testng-results ignored="0" total="1" passed="1" failed="0" skipped="0">
  <reporter-output>
  </reporter-output>
  <suite started-at="2025-09-20T22:56:42 BST" name="Default suite" finished-at="2025-09-20T22:56:47 BST" duration-ms="4335">
    <groups>
    </groups>
    <test started-at="2025-09-20T22:56:42 BST" name="Default test" finished-at="2025-09-20T22:56:47 BST" duration-ms="4335">
      <class name="main.HomePage">
        <test-method signature="LoginTestPage()[pri:0, instance:main.HomePage@7b2bbc3]" started-at="2025-09-20T22:56:43 BST" name="LoginTestPage" finished-at="2025-09-20T22:56:47 BST" duration-ms="4288" status="PASS">
          <reporter-output>
          </reporter-output>
        </test-method> <!-- LoginTestPage -->
      </class> <!-- main.HomePage -->
    </test> <!-- Default test -->
  </suite> <!-- Default suite -->
</testng-results>
