<?xml version="1.0" encoding="UTF-8"?>
<!-- Generated by org.testng.reporters.JUnitReportReporter -->
<testsuite hostname="LAPTOP-GRAI44LQ" failures="0" tests="2" name="TestNGAnnotations.TestNGSeleniumExample" time="4.642" errors="0" timestamp="2025-09-26T20:39:16 BST" skipped="0">
  <testcase classname="TestNGAnnotations.TestNGSeleniumExample" name="testGeeksForGeeksTitle" time="3.065"/>
  <testcase classname="TestNGAnnotations.TestNGSeleniumExample" name="testGoogleTitle" time="1.577"/>
</testsuite> <!-- TestNGAnnotations.TestNGSeleniumExample -->
